#
# There is insufficient memory for the Java Runtime Environment to continue.
# Native memory allocation (malloc) failed to allocate 1089376 bytes for Chunk::new
# Possible reasons:
#   The system is out of physical RAM or swap space
#   The process is running with CompressedOops enabled, and the Java Heap may be blocking the growth of the native heap
# Possible solutions:
#   Reduce memory load on the system
#   Increase physical memory or swap space
#   Check if swap backing store is full
#   Decrease Java heap size (-Xmx/-Xms)
#   Decrease number of Java threads
#   Decrease Java thread stack sizes (-Xss)
#   Set larger code cache with -XX:ReservedCodeCacheSize=
#   JVM is running with Unscaled Compressed Oops mode in which the Java heap is
#     placed in the first 4GB address space. The Java Heap base address is the
#     maximum limit for the native heap growth. Please use -XX:HeapBaseMinAddress
#     to set the Java Heap base and to place the Java Heap above 4GB virtual address.
# This output file may be truncated or incomplete.
#
#  Out of Memory Error (./src/hotspot/share/memory/arena.cpp:197), pid=38304, tid=3632
#
# JRE version: OpenJDK Runtime Environment (11.0.10) (build 11.0.10+0-b96-7249189)
# Java VM: OpenJDK 64-Bit Server VM (11.0.10+0-b96-7249189, mixed mode, tiered, compressed oops, g1 gc, windows-amd64)
# No core dump will be written. Minidumps are not enabled by default on client versions of Windows
#

---------------  S U M M A R Y ------------

Command Line: --add-opens=java.base/java.util=ALL-UNNAMED --add-opens=java.base/java.lang=ALL-UNNAMED --add-opens=java.base/java.lang.invoke=ALL-UNNAMED --add-opens=java.base/java.util=ALL-UNNAMED --add-opens=java.prefs/java.util.prefs=ALL-UNNAMED --add-opens=java.prefs/java.util.prefs=ALL-UNNAMED --add-opens=java.base/java.nio.charset=ALL-UNNAMED --add-opens=java.base/java.net=ALL-UNNAMED --add-opens=java.base/java.util.concurrent.atomic=ALL-UNNAMED -Xmx2048m -Dfile.encoding=UTF-8 -Duser.country=KR -Duser.language=ko -Duser.variant org.gradle.launcher.daemon.bootstrap.GradleDaemon 7.0.2

Host: Intel(R) Core(TM) i5-8250U CPU @ 1.60GHz, 8 cores, 7G,  Windows 10 , 64 bit Build 19041 (10.0.19041.1348)
Time: Wed Dec  1 21:20:00 2021 대한민국 표준시 elapsed time: 85.754075 seconds (0d 0h 1m 25s)

---------------  T H R E A D  ---------------

Current thread (0x000001d4a7093000):  JavaThread "C2 CompilerThread0" daemon [_thread_in_native, id=3632, stack(0x0000001a65400000,0x0000001a65500000)]


Current CompileTask:
C2:  85754 3309   !   4       java.net.URLClassLoader$1::run (63 bytes)

Stack: [0x0000001a65400000,0x0000001a65500000]
Native frames: (J=compiled Java code, j=interpreted, Vv=VM code, C=native code)
V  [jvm.dll+0x5ecfaa]
V  [jvm.dll+0x722bd5]
V  [jvm.dll+0x72412d]
V  [jvm.dll+0x7247e3]
V  [jvm.dll+0x242928]
V  [jvm.dll+0xbc4fc]
V  [jvm.dll+0xbca0c]
V  [jvm.dll+0x2b4fd4]
V  [jvm.dll+0x506028]
V  [jvm.dll+0x203253]
V  [jvm.dll+0x1fd07c]
V  [jvm.dll+0x1fa77f]
V  [jvm.dll+0x18354c]
V  [jvm.dll+0x208ee7]
V  [jvm.dll+0x207731]
V  [jvm.dll+0x6eb1cf]
V  [jvm.dll+0x6e3d45]
V  [jvm.dll+0x5ebe96]
C  [ucrtbase.dll+0x21bb2]
C  [KERNEL32.DLL+0x17034]
C  [ntdll.dll+0x52651]


---------------  P R O C E S S  ---------------

Threads class SMR info:
_java_thread_list=0x000001d4aa1363a0, length=33, elements={
0x000001d48bab0800, 0x000001d4a681e000, 0x000001d4a6819800, 0x000001d4a703a000,
0x000001d4a7089800, 0x000001d4a708c000, 0x000001d4a7093000, 0x000001d4a7094800,
0x000001d4a709a000, 0x000001d4a724c800, 0x000001d4a8a77800, 0x000001d4a95c2800,
0x000001d4a73b4800, 0x000001d4a9289000, 0x000001d4a847a800, 0x000001d4a739e800,
0x000001d4a739f000, 0x000001d4a7813800, 0x000001d4a7d37800, 0x000001d4a8c99800,
0x000001d4a8c98800, 0x000001d4a8c97000, 0x000001d4a8c9b000, 0x000001d4a8c9b800,
0x000001d4a8c97800, 0x000001d4a8c96000, 0x000001d4a8c9a000, 0x000001d4a8c9c800,
0x000001d4aaed8800, 0x000001d4aaed3800, 0x000001d4aaed6800, 0x000001d4aaed9000,
0x000001d4aaed4000
}

Java Threads: ( => current thread )
  0x000001d48bab0800 JavaThread "main" [_thread_blocked, id=42460, stack(0x0000001a64800000,0x0000001a64900000)]
  0x000001d4a681e000 JavaThread "Reference Handler" daemon [_thread_blocked, id=41632, stack(0x0000001a64f00000,0x0000001a65000000)]
  0x000001d4a6819800 JavaThread "Finalizer" daemon [_thread_blocked, id=28688, stack(0x0000001a65000000,0x0000001a65100000)]
  0x000001d4a703a000 JavaThread "Signal Dispatcher" daemon [_thread_blocked, id=30584, stack(0x0000001a65100000,0x0000001a65200000)]
  0x000001d4a7089800 JavaThread "Attach Listener" daemon [_thread_blocked, id=18740, stack(0x0000001a65200000,0x0000001a65300000)]
  0x000001d4a708c000 JavaThread "Service Thread" daemon [_thread_blocked, id=7152, stack(0x0000001a65300000,0x0000001a65400000)]
=>0x000001d4a7093000 JavaThread "C2 CompilerThread0" daemon [_thread_in_native, id=3632, stack(0x0000001a65400000,0x0000001a65500000)]
  0x000001d4a7094800 JavaThread "C1 CompilerThread0" daemon [_thread_in_native, id=38756, stack(0x0000001a65500000,0x0000001a65600000)]
  0x000001d4a709a000 JavaThread "Sweeper thread" daemon [_thread_blocked, id=41136, stack(0x0000001a65600000,0x0000001a65700000)]
  0x000001d4a724c800 JavaThread "Common-Cleaner" daemon [_thread_blocked, id=34644, stack(0x0000001a65700000,0x0000001a65800000)]
  0x000001d4a8a77800 JavaThread "Daemon health stats" [_thread_blocked, id=28904, stack(0x0000001a65b00000,0x0000001a65c00000)]
  0x000001d4a95c2800 JavaThread "Incoming local TCP Connector on port 52310" [_thread_in_native, id=42948, stack(0x0000001a65c00000,0x0000001a65d00000)]
  0x000001d4a73b4800 JavaThread "Daemon periodic checks" [_thread_blocked, id=40932, stack(0x0000001a65d00000,0x0000001a65e00000)]
  0x000001d4a9289000 JavaThread "Daemon" [_thread_blocked, id=40424, stack(0x0000001a65e00000,0x0000001a65f00000)]
  0x000001d4a847a800 JavaThread "Handler for socket connection from /127.0.0.1:52310 to /127.0.0.1:52311" [_thread_in_native, id=44828, stack(0x0000001a65f00000,0x0000001a66000000)]
  0x000001d4a739e800 JavaThread "Cancel handler" [_thread_blocked, id=40832, stack(0x0000001a66000000,0x0000001a66100000)]
  0x000001d4a739f000 JavaThread "Daemon worker" [_thread_in_Java, id=15884, stack(0x0000001a66100000,0x0000001a66200000)]
  0x000001d4a7813800 JavaThread "Asynchronous log dispatcher for DefaultDaemonConnection: socket connection from /127.0.0.1:52310 to /127.0.0.1:52311" [_thread_blocked, id=43956, stack(0x0000001a66200000,0x0000001a66300000)]
  0x000001d4a7d37800 JavaThread "Stdin handler" [_thread_blocked, id=42892, stack(0x0000001a66300000,0x0000001a66400000)]
  0x000001d4a8c99800 JavaThread "Daemon client event forwarder" [_thread_blocked, id=37040, stack(0x0000001a66400000,0x0000001a66500000)]
  0x000001d4a8c98800 JavaThread "Cache worker for file hash cache (C:\Users\slah0\.gradle\caches\7.0.2\fileHashes)" [_thread_blocked, id=14132, stack(0x0000001a66a00000,0x0000001a66b00000)]
  0x000001d4a8c97000 JavaThread "File lock request listener" [_thread_in_native, id=27952, stack(0x0000001a66b00000,0x0000001a66c00000)]
  0x000001d4a8c9b000 JavaThread "Cache worker for journal cache (C:\Users\slah0\.gradle\caches\journal-1)" [_thread_blocked, id=41012, stack(0x0000001a66d00000,0x0000001a66e00000)]
  0x000001d4a8c9b800 JavaThread "Cache worker for file hash cache (C:\Users\slah0\AndroidStudioProjects\FigmaMudical\.gradle\7.0.2\fileHashes)" [_thread_blocked, id=40036, stack(0x0000001a66e00000,0x0000001a66f00000)]
  0x000001d4a8c97800 JavaThread "File watcher server" daemon [_thread_in_native, id=42828, stack(0x0000001a66f00000,0x0000001a67000000)]
  0x000001d4a8c96000 JavaThread "File watcher consumer" daemon [_thread_blocked, id=34328, stack(0x0000001a67000000,0x0000001a67100000)]
  0x000001d4a8c9a000 JavaThread "Cache worker for checksums cache (C:\Users\slah0\AndroidStudioProjects\FigmaMudical\.gradle\checksums)" [_thread_blocked, id=44472, stack(0x0000001a67100000,0x0000001a67200000)]
  0x000001d4a8c9c800 JavaThread "Cache worker for cache directory md-supplier (C:\Users\slah0\.gradle\caches\7.0.2\md-supplier)" [_thread_blocked, id=43908, stack(0x0000001a67200000,0x0000001a67300000)]
  0x000001d4aaed8800 JavaThread "Cache worker for cache directory md-rule (C:\Users\slah0\.gradle\caches\7.0.2\md-rule)" [_thread_blocked, id=42664, stack(0x0000001a67300000,0x0000001a67400000)]
  0x000001d4aaed3800 JavaThread "Cache worker for execution history cache (C:\Users\slah0\.gradle\caches\7.0.2\executionHistory)" [_thread_blocked, id=44960, stack(0x0000001a67400000,0x0000001a67500000)]
  0x000001d4aaed6800 JavaThread "jar transforms" [_thread_blocked, id=43764, stack(0x0000001a67500000,0x0000001a67600000)]
  0x000001d4aaed9000 JavaThread "jar transforms Thread 2" [_thread_blocked, id=44840, stack(0x0000001a67600000,0x0000001a67700000)]
  0x000001d4aaed4000 JavaThread "Cache worker for file content cache (C:\Users\slah0\.gradle\caches\7.0.2\fileContent)" [_thread_blocked, id=33536, stack(0x0000001a67700000,0x0000001a67800000)]

Other Threads:
  0x000001d4a7023000 VMThread "VM Thread" [stack: 0x0000001a64e00000,0x0000001a64f00000] [id=11852]
  0x000001d4a724d000 WatcherThread [stack: 0x0000001a65800000,0x0000001a65900000] [id=35160]
  0x000001d48baca000 GCTaskThread "GC Thread#0" [stack: 0x0000001a64900000,0x0000001a64a00000] [id=20932]
  0x000001d4a7dd0800 GCTaskThread "GC Thread#1" [stack: 0x0000001a65900000,0x0000001a65a00000] [id=43996]
  0x000001d4a7636000 GCTaskThread "GC Thread#2" [stack: 0x0000001a65a00000,0x0000001a65b00000] [id=42444]
  0x000001d4a85f1000 GCTaskThread "GC Thread#3" [stack: 0x0000001a66500000,0x0000001a66600000] [id=25508]
  0x000001d4a849b800 GCTaskThread "GC Thread#4" [stack: 0x0000001a66600000,0x0000001a66700000] [id=14964]
  0x000001d4a847b000 GCTaskThread "GC Thread#5" [stack: 0x0000001a66700000,0x0000001a66800000] [id=1612]
  0x000001d4a7d38800 GCTaskThread "GC Thread#6" [stack: 0x0000001a66800000,0x0000001a66900000] [id=18816]
  0x000001d4a957f000 GCTaskThread "GC Thread#7" [stack: 0x0000001a66900000,0x0000001a66a00000] [id=44764]
  0x000001d48bafa000 ConcurrentGCThread "G1 Main Marker" [stack: 0x0000001a64a00000,0x0000001a64b00000] [id=44652]
  0x000001d48bafc800 ConcurrentGCThread "G1 Conc#0" [stack: 0x0000001a64b00000,0x0000001a64c00000] [id=21248]
  0x000001d4a7f03800 ConcurrentGCThread "G1 Conc#1" [stack: 0x0000001a66c00000,0x0000001a66d00000] [id=32012]
  0x000001d4a6660800 ConcurrentGCThread "G1 Refine#0" [stack: 0x0000001a64c00000,0x0000001a64d00000] [id=41888]
  0x000001d4a6661800 ConcurrentGCThread "G1 Young RemSet Sampling" [stack: 0x0000001a64d00000,0x0000001a64e00000] [id=22108]

Threads with active compile tasks:
C2 CompilerThread0  85930 3309   !   4       java.net.URLClassLoader$1::run (63 bytes)

VM state:not at safepoint (normal execution)

VM Mutex/Monitor currently owned by a thread: None

Heap address: 0x0000000080000000, size: 2048 MB, Compressed Oops mode: 32-bit
Narrow klass base: 0x0000000000000000, Narrow klass shift: 3
Compressed class space size: 1073741824 Address: 0x0000000100000000

Heap:
 garbage-first heap   total 131072K, used 63902K [0x0000000080000000, 0x0000000100000000)
  region size 1024K, 45 young (46080K), 7 survivors (7168K)
 Metaspace       used 38129K, capacity 39033K, committed 39296K, reserved 1083392K
  class space    used 4847K, capacity 5176K, committed 5248K, reserved 1048576K
Heap Regions: E=young(eden), S=young(survivor), O=old, HS=humongous(starts), HC=humongous(continues), CS=collection set, F=free, A=archive, TAMS=top-at-mark-start (previous, next)
|   0|0x0000000080000000, 0x0000000080100000, 0x0000000080100000|100%| O|  |TAMS 0x0000000080100000, 0x0000000080000000| Untracked 
|   1|0x0000000080100000, 0x0000000080200000, 0x0000000080200000|100%| O|  |TAMS 0x0000000080200000, 0x0000000080100000| Untracked 
|   2|0x0000000080200000, 0x0000000080300000, 0x0000000080300000|100%| O|  |TAMS 0x0000000080300000, 0x0000000080200000| Untracked 
|   3|0x0000000080300000, 0x0000000080400000, 0x0000000080400000|100%|HS|  |TAMS 0x0000000080400000, 0x0000000080300000| Complete 
|   4|0x0000000080400000, 0x0000000080500000, 0x0000000080500000|100%|HC|  |TAMS 0x0000000080500000, 0x0000000080400000| Complete 
|   5|0x0000000080500000, 0x0000000080600000, 0x0000000080600000|100%|HC|  |TAMS 0x0000000080600000, 0x0000000080500000| Complete 
|   6|0x0000000080600000, 0x0000000080700000, 0x0000000080700000|100%| O|  |TAMS 0x0000000080700000, 0x0000000080600000| Untracked 
|   7|0x0000000080700000, 0x0000000080800000, 0x0000000080800000|100%| O|  |TAMS 0x0000000080800000, 0x0000000080700000| Untracked 
|   8|0x0000000080800000, 0x0000000080900000, 0x0000000080900000|100%| O|  |TAMS 0x0000000080900000, 0x0000000080800000| Untracked 
|   9|0x0000000080900000, 0x0000000080a00000, 0x0000000080a00000|100%| O|  |TAMS 0x0000000080a00000, 0x0000000080900000| Untracked 
|  10|0x0000000080a00000, 0x0000000080b00000, 0x0000000080b00000|100%| O|  |TAMS 0x0000000080b00000, 0x0000000080a00000| Untracked 
|  11|0x0000000080b00000, 0x0000000080c00000, 0x0000000080c00000|100%| O|  |TAMS 0x0000000080c00000, 0x0000000080b00000| Untracked 
|  12|0x0000000080c00000, 0x0000000080d00000, 0x0000000080d00000|100%| O|  |TAMS 0x0000000080d00000, 0x0000000080c00000| Untracked 
|  13|0x0000000080d00000, 0x0000000080e00000, 0x0000000080e00000|100%| O|  |TAMS 0x0000000080e00000, 0x0000000080d00000| Untracked 
|  14|0x0000000080e00000, 0x0000000080f00000, 0x0000000080f00000|100%| O|  |TAMS 0x0000000080f00000, 0x0000000080e00000| Untracked 
|  15|0x0000000080f00000, 0x0000000080fda600, 0x0000000081000000| 85%| O|  |TAMS 0x0000000080fda600, 0x0000000080f00000| Untracked 
|  16|0x0000000081000000, 0x0000000081100000, 0x0000000081100000|100%|HS|  |TAMS 0x0000000081000000, 0x0000000081000000| Complete 
|  17|0x0000000081100000, 0x0000000081200000, 0x0000000081200000|100%|HS|  |TAMS 0x0000000081100000, 0x0000000081100000| Complete 
|  18|0x0000000081200000, 0x0000000081300000, 0x0000000081300000|100%|HC|  |TAMS 0x0000000081200000, 0x0000000081200000| Complete 
|  19|0x0000000081300000, 0x0000000081300000, 0x0000000081400000|  0%| F|  |TAMS 0x0000000081300000, 0x0000000081300000| Untracked 
|  20|0x0000000081400000, 0x0000000081400000, 0x0000000081500000|  0%| F|  |TAMS 0x0000000081400000, 0x0000000081400000| Untracked 
|  21|0x0000000081500000, 0x0000000081500000, 0x0000000081600000|  0%| F|  |TAMS 0x0000000081500000, 0x0000000081500000| Untracked 
|  22|0x0000000081600000, 0x0000000081600000, 0x0000000081700000|  0%| F|  |TAMS 0x0000000081600000, 0x0000000081600000| Untracked 
|  23|0x0000000081700000, 0x0000000081700000, 0x0000000081800000|  0%| F|  |TAMS 0x0000000081700000, 0x0000000081700000| Untracked 
|  24|0x0000000081800000, 0x0000000081800000, 0x0000000081900000|  0%| F|  |TAMS 0x0000000081800000, 0x0000000081800000| Untracked 
|  25|0x0000000081900000, 0x0000000081900000, 0x0000000081a00000|  0%| F|  |TAMS 0x0000000081900000, 0x0000000081900000| Untracked 
|  26|0x0000000081a00000, 0x0000000081a00000, 0x0000000081b00000|  0%| F|  |TAMS 0x0000000081a00000, 0x0000000081a00000| Untracked 
|  27|0x0000000081b00000, 0x0000000081b00000, 0x0000000081c00000|  0%| F|  |TAMS 0x0000000081b00000, 0x0000000081b00000| Untracked 
|  28|0x0000000081c00000, 0x0000000081c00000, 0x0000000081d00000|  0%| F|  |TAMS 0x0000000081c00000, 0x0000000081c00000| Untracked 
|  29|0x0000000081d00000, 0x0000000081d00000, 0x0000000081e00000|  0%| F|  |TAMS 0x0000000081d00000, 0x0000000081d00000| Untracked 
|  30|0x0000000081e00000, 0x0000000081e00000, 0x0000000081f00000|  0%| F|  |TAMS 0x0000000081e00000, 0x0000000081e00000| Untracked 
|  31|0x0000000081f00000, 0x0000000081f00000, 0x0000000082000000|  0%| F|  |TAMS 0x0000000081f00000, 0x0000000081f00000| Untracked 
|  32|0x0000000082000000, 0x0000000082000000, 0x0000000082100000|  0%| F|  |TAMS 0x0000000082000000, 0x0000000082000000| Untracked 
|  33|0x0000000082100000, 0x0000000082100000, 0x0000000082200000|  0%| F|  |TAMS 0x0000000082100000, 0x0000000082100000| Untracked 
|  34|0x0000000082200000, 0x0000000082200000, 0x0000000082300000|  0%| F|  |TAMS 0x0000000082200000, 0x0000000082200000| Untracked 
|  35|0x0000000082300000, 0x0000000082300000, 0x0000000082400000|  0%| F|  |TAMS 0x0000000082300000, 0x0000000082300000| Untracked 
|  36|0x0000000082400000, 0x0000000082400000, 0x0000000082500000|  0%| F|  |TAMS 0x0000000082400000, 0x0000000082400000| Untracked 
|  37|0x0000000082500000, 0x0000000082500000, 0x0000000082600000|  0%| F|  |TAMS 0x0000000082500000, 0x0000000082500000| Untracked 
|  38|0x0000000082600000, 0x0000000082600000, 0x0000000082700000|  0%| F|  |TAMS 0x0000000082600000, 0x0000000082600000| Untracked 
|  39|0x0000000082700000, 0x0000000082700000, 0x0000000082800000|  0%| F|  |TAMS 0x0000000082700000, 0x0000000082700000| Untracked 
|  40|0x0000000082800000, 0x0000000082800000, 0x0000000082900000|  0%| F|  |TAMS 0x0000000082800000, 0x0000000082800000| Untracked 
|  41|0x0000000082900000, 0x0000000082900000, 0x0000000082a00000|  0%| F|  |TAMS 0x0000000082900000, 0x0000000082900000| Untracked 
|  42|0x0000000082a00000, 0x0000000082a00000, 0x0000000082b00000|  0%| F|  |TAMS 0x0000000082a00000, 0x0000000082a00000| Untracked 
|  43|0x0000000082b00000, 0x0000000082b00000, 0x0000000082c00000|  0%| F|  |TAMS 0x0000000082b00000, 0x0000000082b00000| Untracked 
|  44|0x0000000082c00000, 0x0000000082c00000, 0x0000000082d00000|  0%| F|  |TAMS 0x0000000082c00000, 0x0000000082c00000| Untracked 
|  45|0x0000000082d00000, 0x0000000082d00000, 0x0000000082e00000|  0%| F|  |TAMS 0x0000000082d00000, 0x0000000082d00000| Untracked 
|  46|0x0000000082e00000, 0x0000000082e00000, 0x0000000082f00000|  0%| F|  |TAMS 0x0000000082e00000, 0x0000000082e00000| Untracked 
|  47|0x0000000082f00000, 0x0000000082f00000, 0x0000000083000000|  0%| F|  |TAMS 0x0000000082f00000, 0x0000000082f00000| Untracked 
|  48|0x0000000083000000, 0x0000000083000000, 0x0000000083100000|  0%| F|  |TAMS 0x0000000083000000, 0x0000000083000000| Untracked 
|  49|0x0000000083100000, 0x0000000083100000, 0x0000000083200000|  0%| F|  |TAMS 0x0000000083100000, 0x0000000083100000| Untracked 
|  50|0x0000000083200000, 0x0000000083200000, 0x0000000083300000|  0%| F|  |TAMS 0x0000000083200000, 0x0000000083200000| Untracked 
|  51|0x0000000083300000, 0x0000000083300000, 0x0000000083400000|  0%| F|  |TAMS 0x0000000083300000, 0x0000000083300000| Untracked 
|  52|0x0000000083400000, 0x0000000083400000, 0x0000000083500000|  0%| F|  |TAMS 0x0000000083400000, 0x0000000083400000| Untracked 
|  53|0x0000000083500000, 0x0000000083500000, 0x0000000083600000|  0%| F|  |TAMS 0x0000000083500000, 0x0000000083500000| Untracked 
|  54|0x0000000083600000, 0x0000000083600000, 0x0000000083700000|  0%| F|  |TAMS 0x0000000083600000, 0x0000000083600000| Untracked 
|  55|0x0000000083700000, 0x0000000083700000, 0x0000000083800000|  0%| F|  |TAMS 0x0000000083700000, 0x0000000083700000| Untracked 
|  56|0x0000000083800000, 0x0000000083800000, 0x0000000083900000|  0%| F|  |TAMS 0x0000000083800000, 0x0000000083800000| Untracked 
|  57|0x0000000083900000, 0x000000008398d480, 0x0000000083a00000| 55%| S|CS|TAMS 0x0000000083900000, 0x0000000083900000| Complete 
|  58|0x0000000083a00000, 0x0000000083b00000, 0x0000000083b00000|100%| S|CS|TAMS 0x0000000083a00000, 0x0000000083a00000| Complete 
|  59|0x0000000083b00000, 0x0000000083c00000, 0x0000000083c00000|100%| S|CS|TAMS 0x0000000083b00000, 0x0000000083b00000| Complete 
|  60|0x0000000083c00000, 0x0000000083d00000, 0x0000000083d00000|100%| S|CS|TAMS 0x0000000083c00000, 0x0000000083c00000| Complete 
|  61|0x0000000083d00000, 0x0000000083e00000, 0x0000000083e00000|100%| S|CS|TAMS 0x0000000083d00000, 0x0000000083d00000| Complete 
|  62|0x0000000083e00000, 0x0000000083f00000, 0x0000000083f00000|100%| S|CS|TAMS 0x0000000083e00000, 0x0000000083e00000| Complete 
|  63|0x0000000083f00000, 0x0000000084000000, 0x0000000084000000|100%| S|CS|TAMS 0x0000000083f00000, 0x0000000083f00000| Complete 
|  64|0x0000000084000000, 0x0000000084000000, 0x0000000084100000|  0%| F|  |TAMS 0x0000000084000000, 0x0000000084000000| Untracked 
|  65|0x0000000084100000, 0x0000000084100000, 0x0000000084200000|  0%| F|  |TAMS 0x0000000084100000, 0x0000000084100000| Untracked 
|  66|0x0000000084200000, 0x0000000084200000, 0x0000000084300000|  0%| F|  |TAMS 0x0000000084200000, 0x0000000084200000| Untracked 
|  67|0x0000000084300000, 0x0000000084300000, 0x0000000084400000|  0%| F|  |TAMS 0x0000000084300000, 0x0000000084300000| Untracked 
|  68|0x0000000084400000, 0x0000000084400000, 0x0000000084500000|  0%| F|  |TAMS 0x0000000084400000, 0x0000000084400000| Untracked 
|  69|0x0000000084500000, 0x0000000084500000, 0x0000000084600000|  0%| F|  |TAMS 0x0000000084500000, 0x0000000084500000| Untracked 
|  70|0x0000000084600000, 0x0000000084600000, 0x0000000084700000|  0%| F|  |TAMS 0x0000000084600000, 0x0000000084600000| Untracked 
|  71|0x0000000084700000, 0x0000000084700000, 0x0000000084800000|  0%| F|  |TAMS 0x0000000084700000, 0x0000000084700000| Untracked 
|  72|0x0000000084800000, 0x0000000084800000, 0x0000000084900000|  0%| F|  |TAMS 0x0000000084800000, 0x0000000084800000| Untracked 
|  73|0x0000000084900000, 0x0000000084900000, 0x0000000084a00000|  0%| F|  |TAMS 0x0000000084900000, 0x0000000084900000| Untracked 
|  74|0x0000000084a00000, 0x0000000084a00000, 0x0000000084b00000|  0%| F|  |TAMS 0x0000000084a00000, 0x0000000084a00000| Untracked 
|  75|0x0000000084b00000, 0x0000000084b00000, 0x0000000084c00000|  0%| F|  |TAMS 0x0000000084b00000, 0x0000000084b00000| Untracked 
|  76|0x0000000084c00000, 0x0000000084c00000, 0x0000000084d00000|  0%| F|  |TAMS 0x0000000084c00000, 0x0000000084c00000| Untracked 
|  77|0x0000000084d00000, 0x0000000084d00000, 0x0000000084e00000|  0%| F|  |TAMS 0x0000000084d00000, 0x0000000084d00000| Untracked 
|  78|0x0000000084e00000, 0x0000000084e00000, 0x0000000084f00000|  0%| F|  |TAMS 0x0000000084e00000, 0x0000000084e00000| Untracked 
|  79|0x0000000084f00000, 0x0000000084f00000, 0x0000000085000000|  0%| F|  |TAMS 0x0000000084f00000, 0x0000000084f00000| Untracked 
|  80|0x0000000085000000, 0x0000000085000000, 0x0000000085100000|  0%| F|  |TAMS 0x0000000085000000, 0x0000000085000000| Untracked 
|  81|0x0000000085100000, 0x0000000085100000, 0x0000000085200000|  0%| F|  |TAMS 0x0000000085100000, 0x0000000085100000| Untracked 
|  82|0x0000000085200000, 0x0000000085200000, 0x0000000085300000|  0%| F|  |TAMS 0x0000000085200000, 0x0000000085200000| Untracked 
|  83|0x0000000085300000, 0x0000000085300000, 0x0000000085400000|  0%| F|  |TAMS 0x0000000085300000, 0x0000000085300000| Untracked 
|  84|0x0000000085400000, 0x0000000085400000, 0x0000000085500000|  0%| F|  |TAMS 0x0000000085400000, 0x0000000085400000| Untracked 
|  85|0x0000000085500000, 0x0000000085500000, 0x0000000085600000|  0%| F|  |TAMS 0x0000000085500000, 0x0000000085500000| Untracked 
|  86|0x0000000085600000, 0x0000000085600000, 0x0000000085700000|  0%| F|  |TAMS 0x0000000085600000, 0x0000000085600000| Untracked 
|  87|0x0000000085700000, 0x0000000085700000, 0x0000000085800000|  0%| F|  |TAMS 0x0000000085700000, 0x0000000085700000| Untracked 
|  88|0x0000000085800000, 0x0000000085800000, 0x0000000085900000|  0%| F|  |TAMS 0x0000000085800000, 0x0000000085800000| Untracked 
|  89|0x0000000085900000, 0x0000000085980800, 0x0000000085a00000| 50%| E|  |TAMS 0x0000000085900000, 0x0000000085900000| Complete 
|  90|0x0000000085a00000, 0x0000000085b00000, 0x0000000085b00000|100%| E|CS|TAMS 0x0000000085a00000, 0x0000000085a00000| Complete 
|  91|0x0000000085b00000, 0x0000000085c00000, 0x0000000085c00000|100%| E|CS|TAMS 0x0000000085b00000, 0x0000000085b00000| Complete 
|  92|0x0000000085c00000, 0x0000000085d00000, 0x0000000085d00000|100%| E|CS|TAMS 0x0000000085c00000, 0x0000000085c00000| Complete 
|  93|0x0000000085d00000, 0x0000000085e00000, 0x0000000085e00000|100%| E|CS|TAMS 0x0000000085d00000, 0x0000000085d00000| Complete 
|  94|0x0000000085e00000, 0x0000000085f00000, 0x0000000085f00000|100%| E|CS|TAMS 0x0000000085e00000, 0x0000000085e00000| Complete 
|  95|0x0000000085f00000, 0x0000000086000000, 0x0000000086000000|100%| E|CS|TAMS 0x0000000085f00000, 0x0000000085f00000| Complete 
|  96|0x0000000086000000, 0x0000000086100000, 0x0000000086100000|100%| E|CS|TAMS 0x0000000086000000, 0x0000000086000000| Complete 
|  97|0x0000000086100000, 0x0000000086200000, 0x0000000086200000|100%| E|CS|TAMS 0x0000000086100000, 0x0000000086100000| Complete 
|  98|0x0000000086200000, 0x0000000086300000, 0x0000000086300000|100%| E|CS|TAMS 0x0000000086200000, 0x0000000086200000| Complete 
|  99|0x0000000086300000, 0x0000000086400000, 0x0000000086400000|100%| E|CS|TAMS 0x0000000086300000, 0x0000000086300000| Complete 
| 100|0x0000000086400000, 0x0000000086500000, 0x0000000086500000|100%| E|CS|TAMS 0x0000000086400000, 0x0000000086400000| Complete 
| 101|0x0000000086500000, 0x0000000086600000, 0x0000000086600000|100%| E|CS|TAMS 0x0000000086500000, 0x0000000086500000| Complete 
| 102|0x0000000086600000, 0x0000000086700000, 0x0000000086700000|100%| E|CS|TAMS 0x0000000086600000, 0x0000000086600000| Complete 
| 103|0x0000000086700000, 0x0000000086800000, 0x0000000086800000|100%| E|CS|TAMS 0x0000000086700000, 0x0000000086700000| Complete 
| 104|0x0000000086800000, 0x0000000086900000, 0x0000000086900000|100%| E|CS|TAMS 0x0000000086800000, 0x0000000086800000| Complete 
| 105|0x0000000086900000, 0x0000000086a00000, 0x0000000086a00000|100%| E|CS|TAMS 0x0000000086900000, 0x0000000086900000| Complete 
| 106|0x0000000086a00000, 0x0000000086b00000, 0x0000000086b00000|100%| E|CS|TAMS 0x0000000086a00000, 0x0000000086a00000| Complete 
| 107|0x0000000086b00000, 0x0000000086c00000, 0x0000000086c00000|100%| E|CS|TAMS 0x0000000086b00000, 0x0000000086b00000| Complete 
| 108|0x0000000086c00000, 0x0000000086d00000, 0x0000000086d00000|100%| E|CS|TAMS 0x0000000086c00000, 0x0000000086c00000| Complete 
| 109|0x0000000086d00000, 0x0000000086e00000, 0x0000000086e00000|100%| E|CS|TAMS 0x0000000086d00000, 0x0000000086d00000| Complete 
| 110|0x0000000086e00000, 0x0000000086f00000, 0x0000000086f00000|100%| E|CS|TAMS 0x0000000086e00000, 0x0000000086e00000| Complete 
| 111|0x0000000086f00000, 0x0000000087000000, 0x0000000087000000|100%| E|CS|TAMS 0x0000000086f00000, 0x0000000086f00000| Complete 
| 112|0x0000000087000000, 0x0000000087100000, 0x0000000087100000|100%| E|CS|TAMS 0x0000000087000000, 0x0000000087000000| Complete 
| 113|0x0000000087100000, 0x0000000087200000, 0x0000000087200000|100%| E|CS|TAMS 0x0000000087100000, 0x0000000087100000| Complete 
| 114|0x0000000087200000, 0x0000000087300000, 0x0000000087300000|100%| E|CS|TAMS 0x0000000087200000, 0x0000000087200000| Complete 
| 115|0x0000000087300000, 0x0000000087400000, 0x0000000087400000|100%| E|CS|TAMS 0x0000000087300000, 0x0000000087300000| Complete 
| 116|0x0000000087400000, 0x0000000087500000, 0x0000000087500000|100%| E|CS|TAMS 0x0000000087400000, 0x0000000087400000| Complete 
| 117|0x0000000087500000, 0x0000000087600000, 0x0000000087600000|100%| E|CS|TAMS 0x0000000087500000, 0x0000000087500000| Complete 
| 118|0x0000000087600000, 0x0000000087700000, 0x0000000087700000|100%| E|CS|TAMS 0x0000000087600000, 0x0000000087600000| Complete 
| 119|0x0000000087700000, 0x0000000087800000, 0x0000000087800000|100%| E|CS|TAMS 0x0000000087700000, 0x0000000087700000| Complete 
| 120|0x0000000087800000, 0x0000000087900000, 0x0000000087900000|100%| E|CS|TAMS 0x0000000087800000, 0x0000000087800000| Complete 
| 121|0x0000000087900000, 0x0000000087a00000, 0x0000000087a00000|100%| E|CS|TAMS 0x0000000087900000, 0x0000000087900000| Complete 
| 122|0x0000000087a00000, 0x0000000087b00000, 0x0000000087b00000|100%| E|CS|TAMS 0x0000000087a00000, 0x0000000087a00000| Complete 
| 123|0x0000000087b00000, 0x0000000087c00000, 0x0000000087c00000|100%| E|CS|TAMS 0x0000000087b00000, 0x0000000087b00000| Complete 
| 124|0x0000000087c00000, 0x0000000087d00000, 0x0000000087d00000|100%| E|CS|TAMS 0x0000000087c00000, 0x0000000087c00000| Complete 
| 125|0x0000000087d00000, 0x0000000087e00000, 0x0000000087e00000|100%| E|CS|TAMS 0x0000000087d00000, 0x0000000087d00000| Complete 
| 126|0x0000000087e00000, 0x0000000087f00000, 0x0000000087f00000|100%| E|CS|TAMS 0x0000000087e00000, 0x0000000087e00000| Complete 
| 127|0x0000000087f00000, 0x0000000088000000, 0x0000000088000000|100%| E|CS|TAMS 0x0000000087f00000, 0x0000000087f00000| Complete 

Card table byte_map: [0x000001d49f580000,0x000001d49f980000] _byte_map_base: 0x000001d49f180000

Marking Bits (Prev, Next): (CMBitMap*) 0x000001d48baf0b28, (CMBitMap*) 0x000001d48baf0b60
 Prev Bits: [0x000001d49fd80000, 0x000001d4a1d80000)
 Next Bits: [0x000001d4a1d80000, 0x000001d4a3d80000)

Polling page: 0x000001d48b940000

Metaspace:

Usage:
  Non-class:     33.13 MB capacity,    32.61 MB ( 98%) used,   441.47 KB (  1%) free+waste,    88.13 KB ( <1%) overhead. 
      Class:      5.09 MB capacity,     4.76 MB ( 94%) used,   290.30 KB (  6%) free+waste,    42.25 KB ( <1%) overhead. 
       Both:     38.21 MB capacity,    37.37 MB ( 98%) used,   731.77 KB (  2%) free+waste,   130.38 KB ( <1%) overhead. 

Virtual space:
  Non-class space:       34.00 MB reserved,      33.25 MB ( 98%) committed 
      Class space:        1.00 GB reserved,       5.13 MB ( <1%) committed 
             Both:        1.03 GB reserved,      38.38 MB (  4%) committed 

Chunk freelists:
   Non-Class:  63.00 KB
       Class:  8.00 KB
        Both:  71.00 KB

MaxMetaspaceSize: 17179869184.00 GB
CompressedClassSpaceSize: 1.00 GB

CodeHeap 'non-profiled nmethods': size=120000Kb used=1553Kb max_used=1553Kb free=118446Kb
 bounds [0x000001d4971f0000, 0x000001d497460000, 0x000001d49e720000]
CodeHeap 'profiled nmethods': size=120000Kb used=7328Kb max_used=7328Kb free=112672Kb
 bounds [0x000001d48fcc0000, 0x000001d4903f0000, 0x000001d4971f0000]
CodeHeap 'non-nmethods': size=5760Kb used=2200Kb max_used=2200Kb free=3559Kb
 bounds [0x000001d48f720000, 0x000001d48f990000, 0x000001d48fcc0000]
 total_blobs=4223 nmethods=3458 adapters=676
 compilation: enabled
              stopped_count=0, restarted_count=0
 full_count=0

Compilation events (20 events):
Event: 85.592 Thread 0x000001d4a7094800 3443       3       org.codehaus.groovy.reflection.CachedMethod$MyComparator::compare (43 bytes)
Event: 85.593 Thread 0x000001d4a7094800 nmethod 3443 0x000001d4903cf490 code [0x000001d4903cf700, 0x000001d4903d04a8]
Event: 85.593 Thread 0x000001d4a7094800 3444       3       org.codehaus.groovy.reflection.CachedMethod::compareToMethod (125 bytes)
Event: 85.596 Thread 0x000001d4a7094800 nmethod 3444 0x000001d4903d0710 code [0x000001d4903d09e0, 0x000001d4903d17c8]
Event: 85.596 Thread 0x000001d4a7094800 3446       3       org.codehaus.groovy.util.ComplexKeyHashMap$1::next (5 bytes)
Event: 85.596 Thread 0x000001d4a7094800 nmethod 3446 0x000001d4903d1d90 code [0x000001d4903d1f40, 0x000001d4903d2088]
Event: 85.596 Thread 0x000001d4a7094800 3445       1       groovy.lang.MetaProperty::getType (5 bytes)
Event: 85.596 Thread 0x000001d4a7094800 nmethod 3445 0x000001d497373c10 code [0x000001d497373dc0, 0x000001d497373e78]
Event: 85.596 Thread 0x000001d4a7094800 3447       1       groovy.lang.MetaBeanProperty::getGetter (5 bytes)
Event: 85.596 Thread 0x000001d4a7094800 nmethod 3447 0x000001d497373f10 code [0x000001d4973740c0, 0x000001d497374178]
Event: 85.596 Thread 0x000001d4a7094800 3448       1       groovy.lang.MetaBeanProperty::getField (5 bytes)
Event: 85.597 Thread 0x000001d4a7094800 nmethod 3448 0x000001d497374210 code [0x000001d4973743c0, 0x000001d497374478]
Event: 85.647 Thread 0x000001d4a7094800 3449       3       java.lang.invoke.DirectMethodHandle$Holder::invokeStatic (18 bytes)
Event: 85.648 Thread 0x000001d4a7094800 nmethod 3449 0x000001d4903d2110 code [0x000001d4903d22e0, 0x000001d4903d27d8]
Event: 85.648 Thread 0x000001d4a7094800 3451       3       java.util.ComparableTimSort::countRunAndMakeAscending (123 bytes)
Event: 85.649 Thread 0x000001d4a7094800 nmethod 3451 0x000001d4903d2910 code [0x000001d4903d2b80, 0x000001d4903d39a8]
Event: 85.649 Thread 0x000001d4a7094800 3450       3       java.lang.StringConcatHelper::newString (46 bytes)
Event: 85.651 Thread 0x000001d4a7094800 nmethod 3450 0x000001d4903d3d90 code [0x000001d4903d4020, 0x000001d4903d4aa8]
Event: 85.651 Thread 0x000001d4a7094800 3452       3       java.util.stream.AbstractPipeline::close (48 bytes)
Event: 85.651 Thread 0x000001d4a7094800 nmethod 3452 0x000001d4903d4e90 code [0x000001d4903d5060, 0x000001d4903d52e8]

GC Heap History (12 events):
Event: 59.677 GC heap before
{Heap before GC invocations=0 (full 0):
 garbage-first heap   total 131072K, used 29696K [0x0000000080000000, 0x0000000100000000)
  region size 1024K, 24 young (24576K), 0 survivors (0K)
 Metaspace       used 10211K, capacity 10469K, committed 10624K, reserved 1058816K
  class space    used 1061K, capacity 1107K, committed 1152K, reserved 1048576K
}
Event: 59.836 GC heap after
{Heap after GC invocations=1 (full 0):
 garbage-first heap   total 131072K, used 9666K [0x0000000080000000, 0x0000000100000000)
  region size 1024K, 3 young (3072K), 3 survivors (3072K)
 Metaspace       used 10211K, capacity 10469K, committed 10624K, reserved 1058816K
  class space    used 1061K, capacity 1107K, committed 1152K, reserved 1048576K
}
Event: 62.090 GC heap before
{Heap before GC invocations=1 (full 0):
 garbage-first heap   total 131072K, used 32194K [0x0000000080000000, 0x0000000100000000)
  region size 1024K, 25 young (25600K), 3 survivors (3072K)
 Metaspace       used 11161K, capacity 11454K, committed 11520K, reserved 1058816K
  class space    used 1166K, capacity 1243K, committed 1280K, reserved 1048576K
}
Event: 62.097 GC heap after
{Heap after GC invocations=2 (full 0):
 garbage-first heap   total 131072K, used 10288K [0x0000000080000000, 0x0000000100000000)
  region size 1024K, 1 young (1024K), 1 survivors (1024K)
 Metaspace       used 11161K, capacity 11454K, committed 11520K, reserved 1058816K
  class space    used 1166K, capacity 1243K, committed 1280K, reserved 1048576K
}
Event: 76.739 GC heap before
{Heap before GC invocations=2 (full 0):
 garbage-first heap   total 131072K, used 58416K [0x0000000080000000, 0x0000000100000000)
  region size 1024K, 48 young (49152K), 1 survivors (1024K)
 Metaspace       used 17597K, capacity 18040K, committed 18048K, reserved 1064960K
  class space    used 2049K, capacity 2174K, committed 2176K, reserved 1048576K
}
Event: 76.785 GC heap after
{Heap after GC invocations=3 (full 0):
 garbage-first heap   total 131072K, used 16380K [0x0000000080000000, 0x0000000100000000)
  region size 1024K, 6 young (6144K), 6 survivors (6144K)
 Metaspace       used 17597K, capacity 18040K, committed 18048K, reserved 1064960K
  class space    used 2049K, capacity 2174K, committed 2176K, reserved 1048576K
}
Event: 77.834 GC heap before
{Heap before GC invocations=3 (full 0):
 garbage-first heap   total 131072K, used 40956K [0x0000000080000000, 0x0000000100000000)
  region size 1024K, 32 young (32768K), 6 survivors (6144K)
 Metaspace       used 20597K, capacity 21104K, committed 21248K, reserved 1067008K
  class space    used 2506K, capacity 2690K, committed 2816K, reserved 1048576K
}
Event: 77.852 GC heap after
{Heap after GC invocations=4 (full 0):
 garbage-first heap   total 131072K, used 17370K [0x0000000080000000, 0x0000000100000000)
  region size 1024K, 2 young (2048K), 2 survivors (2048K)
 Metaspace       used 20597K, capacity 21104K, committed 21248K, reserved 1067008K
  class space    used 2506K, capacity 2690K, committed 2816K, reserved 1048576K
}
Event: 80.469 GC heap before
{Heap before GC invocations=5 (full 0):
 garbage-first heap   total 131072K, used 66522K [0x0000000080000000, 0x0000000100000000)
  region size 1024K, 50 young (51200K), 2 survivors (2048K)
 Metaspace       used 25674K, capacity 26340K, committed 26368K, reserved 1073152K
  class space    used 3349K, capacity 3568K, committed 3584K, reserved 1048576K
}
Event: 80.474 GC heap after
{Heap after GC invocations=6 (full 0):
 garbage-first heap   total 131072K, used 18949K [0x0000000080000000, 0x0000000100000000)
  region size 1024K, 3 young (3072K), 3 survivors (3072K)
 Metaspace       used 25674K, capacity 26340K, committed 26368K, reserved 1073152K
  class space    used 3349K, capacity 3568K, committed 3584K, reserved 1048576K
}
Event: 83.597 GC heap before
{Heap before GC invocations=6 (full 0):
 garbage-first heap   total 131072K, used 79365K [0x0000000080000000, 0x0000000100000000)
  region size 1024K, 64 young (65536K), 3 survivors (3072K)
 Metaspace       used 35033K, capacity 35839K, committed 35840K, reserved 1081344K
  class space    used 4534K, capacity 4864K, committed 4864K, reserved 1048576K
}
Event: 83.619 GC heap after
{Heap after GC invocations=7 (full 0):
 garbage-first heap   total 131072K, used 22942K [0x0000000080000000, 0x0000000100000000)
  region size 1024K, 7 young (7168K), 7 survivors (7168K)
 Metaspace       used 35033K, capacity 35839K, committed 35840K, reserved 1081344K
  class space    used 4534K, capacity 4864K, committed 4864K, reserved 1048576K
}

Deoptimization events (20 events):
Event: 85.447 Thread 0x000001d4a739f000 Uncommon trap: trap_request=0xffffff4d fr.pc=0x000001d49736953c relative=0x0000000000005abc
Event: 85.447 Thread 0x000001d4a739f000 Uncommon trap: reason=unstable_if action=reinterpret pc=0x000001d49736953c method=java.net.URLClassLoader.defineClass(Ljava/lang/String;Ljdk/internal/loader/Resource;)Ljava/lang/Class; @ 21 c2
Event: 85.447 Thread 0x000001d4a739f000 DEOPT PACKING pc=0x000001d49736953c sp=0x0000001a661f86e0
Event: 85.447 Thread 0x000001d4a739f000 DEOPT UNPACKING pc=0x000001d48f7478af sp=0x0000001a661f8640 mode 2
Event: 85.511 Thread 0x000001d4a739f000 Uncommon trap: trap_request=0xffffffde fr.pc=0x000001d49735c908 relative=0x0000000000000468
Event: 85.511 Thread 0x000001d4a739f000 Uncommon trap: reason=class_check action=maybe_recompile pc=0x000001d49735c908 method=java.util.regex.Pattern$Start.match(Ljava/util/regex/Matcher;ILjava/lang/CharSequence;)Z @ 44 c2
Event: 85.511 Thread 0x000001d4a739f000 DEOPT PACKING pc=0x000001d49735c908 sp=0x0000001a661f7c20
Event: 85.511 Thread 0x000001d4a739f000 DEOPT UNPACKING pc=0x000001d48f7478af sp=0x0000001a661f7ae8 mode 2
Event: 85.512 Thread 0x000001d4a739f000 Uncommon trap: trap_request=0xffffffde fr.pc=0x000001d49735c908 relative=0x0000000000000468
Event: 85.512 Thread 0x000001d4a739f000 Uncommon trap: reason=class_check action=maybe_recompile pc=0x000001d49735c908 method=java.util.regex.Pattern$Start.match(Ljava/util/regex/Matcher;ILjava/lang/CharSequence;)Z @ 44 c2
Event: 85.512 Thread 0x000001d4a739f000 DEOPT PACKING pc=0x000001d49735c908 sp=0x0000001a661f7c20
Event: 85.512 Thread 0x000001d4a739f000 DEOPT UNPACKING pc=0x000001d48f7478af sp=0x0000001a661f7ae8 mode 2
Event: 85.515 Thread 0x000001d4a739f000 Uncommon trap: trap_request=0xffffffde fr.pc=0x000001d49734a2e0 relative=0x0000000000000440
Event: 85.515 Thread 0x000001d4a739f000 Uncommon trap: reason=class_check action=maybe_recompile pc=0x000001d49734a2e0 method=java.util.regex.Pattern$Start.match(Ljava/util/regex/Matcher;ILjava/lang/CharSequence;)Z @ 44 c2
Event: 85.515 Thread 0x000001d4a739f000 DEOPT PACKING pc=0x000001d49734a2e0 sp=0x0000001a661f7ba0
Event: 85.515 Thread 0x000001d4a739f000 DEOPT UNPACKING pc=0x000001d48f7478af sp=0x0000001a661f7ae0 mode 2
Event: 85.645 Thread 0x000001d4a8a77800 Uncommon trap: trap_request=0xffffffc6 fr.pc=0x000001d49735f2a0 relative=0x0000000000000680
Event: 85.645 Thread 0x000001d4a8a77800 Uncommon trap: reason=bimorphic_or_optimized_type_check action=maybe_recompile pc=0x000001d49735f2a0 method=java.util.stream.Sink$ChainedReference.cancellationRequested()Z @ 4 c2
Event: 85.645 Thread 0x000001d4a8a77800 DEOPT PACKING pc=0x000001d49735f2a0 sp=0x0000001a65bfe790
Event: 85.645 Thread 0x000001d4a8a77800 DEOPT UNPACKING pc=0x000001d48f7478af sp=0x0000001a65bfe6d0 mode 2

Classes redefined (0 events):
No events

Internal exceptions (20 events):
Event: 85.089 Thread 0x000001d4a739f000 Exception <a 'java/lang/ClassNotFoundException'{0x00000000862655a8}: groovy/lang/BindingBeanInfo> (0x00000000862655a8) thrown at [./src/hotspot/share/classfile/systemDictionary.cpp, line 231]
Event: 85.091 Thread 0x000001d4a739f000 Exception <a 'java/lang/ClassNotFoundException'{0x0000000086285760}: groovy/lang/BindingCustomizer> (0x0000000086285760) thrown at [./src/hotspot/share/classfile/systemDictionary.cpp, line 231]
Event: 85.199 Thread 0x000001d4a739f000 Exception <a 'java/lang/ClassNotFoundException'{0x00000000861e2700}: settings_4b5my6hyrowjsc1ixevtlqyxiBeanInfo> (0x00000000861e2700) thrown at [./src/hotspot/share/classfile/systemDictionary.cpp, line 231]
Event: 85.203 Thread 0x000001d4a739f000 Exception <a 'java/lang/ClassNotFoundException'{0x00000000861f7468}: org/gradle/initialization/SettingsScriptBeanInfo> (0x00000000861f7468) thrown at [./src/hotspot/share/classfile/systemDictionary.cpp, line 231]
Event: 85.206 Thread 0x000001d4a739f000 Exception <a 'java/lang/ClassNotFoundException'{0x000000008600d9f8}: org/gradle/plugin/use/internal/PluginsAwareScriptBeanInfo> (0x000000008600d9f8) thrown at [./src/hotspot/share/classfile/systemDictionary.cpp, line 231]
Event: 85.210 Thread 0x000001d4a739f000 Exception <a 'java/lang/ClassNotFoundException'{0x00000000860227a8}: org/gradle/groovy/scripts/DefaultScriptBeanInfo> (0x00000000860227a8) thrown at [./src/hotspot/share/classfile/systemDictionary.cpp, line 231]
Event: 85.215 Thread 0x000001d4a739f000 Exception <a 'java/lang/ClassNotFoundException'{0x0000000086037390}: org/gradle/groovy/scripts/BasicScriptBeanInfo> (0x0000000086037390) thrown at [./src/hotspot/share/classfile/systemDictionary.cpp, line 231]
Event: 85.229 Thread 0x000001d4a739f000 Exception <a 'java/lang/ClassNotFoundException'{0x000000008604b3e8}: org/gradle/groovy/scripts/ScriptBeanInfo> (0x000000008604b3e8) thrown at [./src/hotspot/share/classfile/systemDictionary.cpp, line 231]
Event: 85.233 Thread 0x000001d4a739f000 Exception <a 'java/lang/ClassNotFoundException'{0x000000008606bac8}: groovy/lang/ScriptBeanInfo> (0x000000008606bac8) thrown at [./src/hotspot/share/classfile/systemDictionary.cpp, line 231]
Event: 85.235 Thread 0x000001d4a739f000 Exception <a 'java/lang/ClassNotFoundException'{0x000000008608c988}: groovy/lang/ScriptCustomizer> (0x000000008608c988) thrown at [./src/hotspot/share/classfile/systemDictionary.cpp, line 231]
Event: 85.240 Thread 0x000001d4a739f000 Exception <a 'java/lang/ClassNotFoundException'{0x00000000860a8548}: org/gradle/groovy/scripts/ScriptCustomizer> (0x00000000860a8548) thrown at [./src/hotspot/share/classfile/systemDictionary.cpp, line 231]
Event: 85.244 Thread 0x000001d4a739f000 Exception <a 'java/lang/ClassNotFoundException'{0x00000000860c3d68}: org/gradle/groovy/scripts/BasicScriptCustomizer> (0x00000000860c3d68) thrown at [./src/hotspot/share/classfile/systemDictionary.cpp, line 231]
Event: 85.249 Thread 0x000001d4a739f000 Exception <a 'java/lang/ClassNotFoundException'{0x00000000860e50e8}: org/gradle/groovy/scripts/DefaultScriptCustomizer> (0x00000000860e50e8) thrown at [./src/hotspot/share/classfile/systemDictionary.cpp, line 231]
Event: 85.325 Thread 0x000001d4a739f000 Exception <a 'java/lang/ClassNotFoundException'{0x0000000085f33b00}: org/gradle/plugin/use/internal/PluginsAwareScriptCustomizer> (0x0000000085f33b00) thrown at [./src/hotspot/share/classfile/systemDictionary.cpp, line 231]
Event: 85.343 Thread 0x000001d4a739f000 Exception <a 'java/lang/ClassNotFoundException'{0x0000000085f51140}: org/gradle/initialization/SettingsScriptCustomizer> (0x0000000085f51140) thrown at [./src/hotspot/share/classfile/systemDictionary.cpp, line 231]
Event: 85.352 Thread 0x000001d4a739f000 Exception <a 'java/lang/ClassNotFoundException'{0x0000000085f63f30}: settings_4b5my6hyrowjsc1ixevtlqyxiCustomizer> (0x0000000085f63f30) thrown at [./src/hotspot/share/classfile/systemDictionary.cpp, line 231]
Event: 85.455 Thread 0x000001d4a739f000 Exception <a 'java/lang/ClassNotFoundException'{0x0000000085e699c0}: groovy/lang/Closure$1BeanInfo> (0x0000000085e699c0) thrown at [./src/hotspot/share/classfile/systemDictionary.cpp, line 231]
Event: 85.478 Thread 0x000001d4a739f000 Exception <a 'java/lang/ClassNotFoundException'{0x0000000085e9c200}: groovy/lang/ClosureBeanInfo> (0x0000000085e9c200) thrown at [./src/hotspot/share/classfile/systemDictionary.cpp, line 231]
Event: 85.508 Thread 0x000001d4a739f000 Exception <a 'java/lang/ClassNotFoundException'{0x0000000085ece858}: groovy/lang/ClosureCustomizer> (0x0000000085ece858) thrown at [./src/hotspot/share/classfile/systemDictionary.cpp, line 231]
Event: 85.522 Thread 0x000001d4a739f000 Exception <a 'java/lang/ClassNotFoundException'{0x0000000085d24280}: groovy/lang/Closure$1Customizer> (0x0000000085d24280) thrown at [./src/hotspot/share/classfile/systemDictionary.cpp, line 231]

Events (20 events):
Event: 85.538 Executing VM operation: RevokeBias
Event: 85.538 Executing VM operation: RevokeBias done
Event: 85.546 loading class java/lang/invoke/BoundMethodHandle$Species_LLLLLLLI
Event: 85.546 loading class java/lang/invoke/BoundMethodHandle$Species_LLLLLLLI done
Event: 85.548 loading class java/lang/invoke/BoundMethodHandle$Species_LLLLLLLII
Event: 85.548 loading class java/lang/invoke/BoundMethodHandle$Species_LLLLLLLII done
Event: 85.551 loading class java/lang/invoke/BoundMethodHandle$Species_LLLLLLLIIL
Event: 85.551 loading class java/lang/invoke/BoundMethodHandle$Species_LLLLLLLIIL done
Event: 85.557 loading class org/codehaus/groovy/runtime/callsite/BooleanClosureWrapper
Event: 85.557 loading class org/codehaus/groovy/runtime/callsite/BooleanClosureWrapper done
Event: 85.581 loading class groovy/runtime/metaclass/settings_4b5my6hyrowjsc1ixevtlqyxi$_run_closure1MetaClass
Event: 85.581 loading class groovy/runtime/metaclass/settings_4b5my6hyrowjsc1ixevtlqyxi$_run_closure1MetaClass done
Event: 85.581 loading class org/codehaus/groovy/runtime/metaclass/ClosureMetaClass
Event: 85.581 loading class org/codehaus/groovy/runtime/metaclass/ClosureMetaClass done
Event: 85.586 loading class org/codehaus/groovy/runtime/metaclass/ClosureMetaClass$MethodChooser
Event: 85.586 loading class org/codehaus/groovy/runtime/metaclass/ClosureMetaClass$MethodChooser done
Event: 85.596 loading class org/codehaus/groovy/runtime/metaclass/ClosureMetaClass$StandardClosureChooser
Event: 85.596 loading class org/codehaus/groovy/runtime/metaclass/ClosureMetaClass$StandardClosureChooser done
Event: 85.596 loading class org/codehaus/groovy/runtime/ArrayUtil
Event: 85.596 loading class org/codehaus/groovy/runtime/ArrayUtil done


Dynamic libraries:
0x00007ff62c7d0000 - 0x00007ff62c7da000 	C:\Program Files\Android\Android Studio\jre\bin\java.exe
0x00007ffab5810000 - 0x00007ffab5a05000 	C:\WINDOWS\SYSTEM32\ntdll.dll
0x00007ffab40c0000 - 0x00007ffab417e000 	C:\WINDOWS\System32\KERNEL32.DLL
0x00007ffab2f30000 - 0x00007ffab31f8000 	C:\WINDOWS\System32\KERNELBASE.dll
0x00007ffab3700000 - 0x00007ffab3800000 	C:\WINDOWS\System32\ucrtbase.dll
0x00007ffaa95d0000 - 0x00007ffaa95e9000 	C:\Program Files\Android\Android Studio\jre\bin\jli.dll
0x00007ffab3a50000 - 0x00007ffab3bf1000 	C:\WINDOWS\System32\USER32.dll
0x00007ffab3620000 - 0x00007ffab3642000 	C:\WINDOWS\System32\win32u.dll
0x00007ffab5100000 - 0x00007ffab512b000 	C:\WINDOWS\System32\GDI32.dll
0x00007ffab3330000 - 0x00007ffab343b000 	C:\WINDOWS\System32\gdi32full.dll
0x00007ffab3290000 - 0x00007ffab332d000 	C:\WINDOWS\System32\msvcp_win.dll
0x00007ffaa95b0000 - 0x00007ffaa95c7000 	C:\Program Files\Android\Android Studio\jre\bin\VCRUNTIME140.dll
0x00007ffa9cc50000 - 0x00007ffa9ceea000 	C:\WINDOWS\WinSxS\amd64_microsoft.windows.common-controls_6595b64144ccf1df_6.0.19041.1110_none_60b5254171f9507e\COMCTL32.dll
0x00007ffab3dc0000 - 0x00007ffab3e5e000 	C:\WINDOWS\System32\msvcrt.dll
0x00007ffab5720000 - 0x00007ffab5750000 	C:\WINDOWS\System32\IMM32.DLL
0x00007ffa8e180000 - 0x00007ffa8e461000 	C:\Windows\pcdrm\NSCCOR0364.DLL
0x00007ffab3cb0000 - 0x00007ffab3d5c000 	C:\WINDOWS\System32\ADVAPI32.dll
0x00007ffab5670000 - 0x00007ffab570b000 	C:\WINDOWS\System32\sechost.dll
0x00007ffab4880000 - 0x00007ffab49aa000 	C:\WINDOWS\System32\RPCRT4.dll
0x00007ffab5540000 - 0x00007ffab566a000 	C:\WINDOWS\System32\ole32.dll
0x00007ffab5130000 - 0x00007ffab5485000 	C:\WINDOWS\System32\combase.dll
0x00007ffab49b0000 - 0x00007ffab49b8000 	C:\WINDOWS\System32\psapi.dll
0x00007ffab1d40000 - 0x00007ffab1d73000 	C:\WINDOWS\SYSTEM32\ntmarta.dll
0x00007ffa8e790000 - 0x00007ffa8e7c2000 	C:\WINDOWS\pcdrm\NBID64.dll
0x00007ffab3e60000 - 0x00007ffab3f2d000 	C:\WINDOWS\System32\OLEAUT32.dll
0x00007ffa8e750000 - 0x00007ffa8e789000 	C:\WINDOWS\pcdrm\NFD0164.dll
0x00007ffaa8af0000 - 0x00007ffaa8afa000 	C:\WINDOWS\SYSTEM32\VERSION.dll
0x00007ffa7dd90000 - 0x00007ffa7de2d000 	C:\Program Files\Android\Android Studio\jre\bin\msvcp140.dll
0x00007ffa44a40000 - 0x00007ffa4550f000 	C:\Program Files\Android\Android Studio\jre\bin\server\jvm.dll
0x00007ffa99330000 - 0x00007ffa99339000 	C:\WINDOWS\SYSTEM32\WSOCK32.dll
0x00007ffab47b0000 - 0x00007ffab481b000 	C:\WINDOWS\System32\WS2_32.dll
0x00007ffa9a060000 - 0x00007ffa9a087000 	C:\WINDOWS\SYSTEM32\WINMM.dll
0x00007ffab17b0000 - 0x00007ffab17c2000 	C:\WINDOWS\SYSTEM32\kernel.appcore.dll
0x00007ffaa9f20000 - 0x00007ffaa9f31000 	C:\Program Files\Android\Android Studio\jre\bin\verify.dll
0x00007ffab0d20000 - 0x00007ffab0f04000 	C:\WINDOWS\SYSTEM32\DBGHELP.DLL
0x00007ffa955f0000 - 0x00007ffa9561c000 	C:\WINDOWS\SYSTEM32\dbgcore.DLL
0x000001d48b9a0000 - 0x000001d48ba23000 	C:\WINDOWS\System32\bcryptPrimitives.dll
0x00007ffa9ca30000 - 0x00007ffa9ca59000 	C:\Program Files\Android\Android Studio\jre\bin\java.dll
0x00007ffaab3a0000 - 0x00007ffaab3ab000 	C:\Program Files\Android\Android Studio\jre\bin\jimage.dll
0x00007ffaa5620000 - 0x00007ffaa5638000 	C:\Program Files\Android\Android Studio\jre\bin\zip.dll
0x00007ffab49c0000 - 0x00007ffab50ff000 	C:\WINDOWS\System32\SHELL32.dll
0x00007ffab1010000 - 0x00007ffab17a0000 	C:\WINDOWS\SYSTEM32\windows.storage.dll
0x00007ffab2980000 - 0x00007ffab29ae000 	C:\WINDOWS\SYSTEM32\Wldp.dll
0x000001d4a74b0000 - 0x000001d4a755d000 	C:\WINDOWS\System32\SHCORE.dll
0x000001d4a7560000 - 0x000001d4a75b5000 	C:\WINDOWS\System32\shlwapi.dll
0x00007ffab2e70000 - 0x00007ffab2e8f000 	C:\WINDOWS\SYSTEM32\profapi.dll
0x00007ffa9d530000 - 0x00007ffa9d54a000 	C:\Program Files\Android\Android Studio\jre\bin\net.dll
0x00007ffaa87d0000 - 0x00007ffaa88dc000 	C:\WINDOWS\SYSTEM32\WINHTTP.dll
0x00007ffab26e0000 - 0x00007ffab274a000 	C:\WINDOWS\system32\mswsock.dll
0x00007ffa9b200000 - 0x00007ffa9b214000 	C:\Program Files\Android\Android Studio\jre\bin\nio.dll
0x00007ffa92520000 - 0x00007ffa92547000 	C:\Users\slah0\.gradle\native\8bec1ad78214c89d9ad589b4d07fe93259594b29d510b10fafb7a158f7737e5d\windows-amd64\native-platform.dll
0x00007ffa73ac0000 - 0x00007ffa73bfd000 	C:\Users\slah0\.gradle\native\53dbd7edfb1c66fb8903c78663c9afc45aea4f116125fa6feffd364cf09443e8\windows-amd64\native-platform-file-events.dll
0x00007ffaab2d0000 - 0x00007ffaab2da000 	C:\Program Files\Android\Android Studio\jre\bin\management.dll
0x00007ffaaa740000 - 0x00007ffaaa74c000 	C:\Program Files\Android\Android Studio\jre\bin\management_ext.dll
0x00007ffab28d0000 - 0x00007ffab28e8000 	C:\WINDOWS\SYSTEM32\CRYPTSP.dll
0x00007ffab1ff0000 - 0x00007ffab2024000 	C:\WINDOWS\system32\rsaenh.dll
0x00007ffab35f0000 - 0x00007ffab3617000 	C:\WINDOWS\System32\bcrypt.dll
0x00007ffab2df0000 - 0x00007ffab2e1e000 	C:\WINDOWS\SYSTEM32\USERENV.dll
0x00007ffab28f0000 - 0x00007ffab28fc000 	C:\WINDOWS\SYSTEM32\CRYPTBASE.dll
0x00007ffab2380000 - 0x00007ffab23bb000 	C:\WINDOWS\SYSTEM32\IPHLPAPI.DLL
0x000001d48bbf0000 - 0x000001d48bbf8000 	C:\WINDOWS\System32\NSI.dll
0x00007ffaa7000000 - 0x00007ffaa7017000 	C:\WINDOWS\SYSTEM32\dhcpcsvc6.DLL
0x00007ffaa6fc0000 - 0x00007ffaa6fdd000 	C:\WINDOWS\SYSTEM32\dhcpcsvc.DLL
0x00007ffab23c0000 - 0x00007ffab248b000 	C:\WINDOWS\SYSTEM32\DNSAPI.dll

dbghelp: loaded successfully - version: 4.0.5 - missing functions: none
symbol engine: initialized successfully - sym options: 0x614 - pdb path: .;C:\Program Files\Android\Android Studio\jre\bin;C:\WINDOWS\SYSTEM32;C:\WINDOWS\WinSxS\amd64_microsoft.windows.common-controls_6595b64144ccf1df_6.0.19041.1110_none_60b5254171f9507e;C:\Windows\pcdrm;C:\Program Files\Android\Android Studio\jre\bin\server;C:\Users\slah0\.gradle\native\8bec1ad78214c89d9ad589b4d07fe93259594b29d510b10fafb7a158f7737e5d\windows-amd64;C:\Users\slah0\.gradle\native\53dbd7edfb1c66fb8903c78663c9afc45aea4f116125fa6feffd364cf09443e8\windows-amd64

VM Arguments:
jvm_args: --add-opens=java.base/java.util=ALL-UNNAMED --add-opens=java.base/java.lang=ALL-UNNAMED --add-opens=java.base/java.lang.invoke=ALL-UNNAMED --add-opens=java.base/java.util=ALL-UNNAMED --add-opens=java.prefs/java.util.prefs=ALL-UNNAMED --add-opens=java.prefs/java.util.prefs=ALL-UNNAMED --add-opens=java.base/java.nio.charset=ALL-UNNAMED --add-opens=java.base/java.net=ALL-UNNAMED --add-opens=java.base/java.util.concurrent.atomic=ALL-UNNAMED -Xmx2048m -Dfile.encoding=UTF-8 -Duser.country=KR -Duser.language=ko -Duser.variant 
java_command: org.gradle.launcher.daemon.bootstrap.GradleDaemon 7.0.2
java_class_path (initial): C:\Users\slah0\.gradle\wrapper\dists\gradle-7.0.2-bin\857tjihv64xamwrf0h14cai3r\gradle-7.0.2\lib\gradle-launcher-7.0.2.jar
Launcher Type: SUN_STANDARD

[Global flags]
     intx CICompilerCount                          = 4                                         {product} {ergonomic}
     uint ConcGCThreads                            = 2                                         {product} {ergonomic}
     uint G1ConcRefinementThreads                  = 8                                         {product} {ergonomic}
   size_t G1HeapRegionSize                         = 1048576                                   {product} {ergonomic}
    uintx GCDrainStackTargetSize                   = 64                                        {product} {ergonomic}
   size_t InitialHeapSize                          = 134217728                                 {product} {ergonomic}
   size_t MarkStackSize                            = 4194304                                   {product} {ergonomic}
   size_t MaxHeapSize                              = 2147483648                                {product} {command line}
   size_t MaxNewSize                               = 1287651328                                {product} {ergonomic}
   size_t MinHeapDeltaBytes                        = 1048576                                   {product} {ergonomic}
    uintx NonNMethodCodeHeapSize                   = 5836300                                {pd product} {ergonomic}
    uintx NonProfiledCodeHeapSize                  = 122910970                              {pd product} {ergonomic}
    uintx ProfiledCodeHeapSize                     = 122910970                              {pd product} {ergonomic}
    uintx ReservedCodeCacheSize                    = 251658240                              {pd product} {ergonomic}
     bool SegmentedCodeCache                       = true                                      {product} {ergonomic}
     bool UseCompressedClassPointers               = true                                 {lp64_product} {ergonomic}
     bool UseCompressedOops                        = true                                 {lp64_product} {ergonomic}
     bool UseG1GC                                  = true                                      {product} {ergonomic}
     bool UseLargePagesIndividualAllocation        = false                                  {pd product} {ergonomic}

Logging:
Log output configuration:
 #0: stdout all=warning uptime,level,tags
 #1: stderr all=off uptime,level,tags

Environment Variables:
PATH=C:\Program Files (x86)\VMware\VMware Player\bin\;C:\Program Files (x86)\Common Files\Oracle\Java\javapath;C:\Program Files (x86)\Intel\Intel(R) Management Engine Components\iCLS\;C:\Program Files\Intel\Intel(R) Management Engine Components\iCLS\;C:\WINDOWS\system32;C:\WINDOWS;C:\WINDOWS\System32\Wbem;C:\WINDOWS\System32\WindowsPowerShell\v1.0\;C:\WINDOWS\System32\OpenSSH\;C:\Program Files\Intel\WiFi\bin\;C:\Program Files\Common Files\Intel\WirelessCommon\;C:\Program Files (x86)\Intel\Intel(R) Management Engine Components\DAL;C:\Program Files\Intel\Intel(R) Management Engine Components\DAL;C:\MinGW 8.1.0\bin;C:\MinGW 8.1.0\lib\gcc\x86_64-w64-mingw32\8.1.0\include\c++;C:\MinGW 8.1.0;C:\Users\slah0\AppData\Local\Programs\Python\Python38\Scripts\;C:\Users\slah0\AppData\Local\Programs\Python\Python38\;C:\Users\slah0\AppData\Local\Microsoft\WindowsApps;C:\Program Files\Bandizip\;C:\Users\slah0\AppData\Local\afreeca
USERNAME=slah0
OS=Windows_NT
PROCESSOR_IDENTIFIER=Intel64 Family 6 Model 142 Stepping 10, GenuineIntel



---------------  S Y S T E M  ---------------

OS: Windows 10 , 64 bit Build 19041 (10.0.19041.1348)
OS uptime: 14 days 4:11 hours

CPU:total 8 (initial active 8) (4 cores per cpu, 2 threads per core) family 6 model 142 stepping 10 microcode 0xb4, cmov, cx8, fxsr, mmx, sse, sse2, sse3, ssse3, sse4.1, sse4.2, popcnt, avx, avx2, aes, clmul, erms, 3dnowpref, lzcnt, ht, tsc, tscinvbit, bmi1, bmi2, adx, fma

Memory: 4k page, system-wide physical 8107M (167M free)
TotalPageFile size 32683M (AvailPageFile size 10M)
current process WorkingSet (physical memory assigned to process): 202M, peak: 202M
current process commit charge ("private bytes"): 306M, peak: 307M

vm_info: OpenJDK 64-Bit Server VM (11.0.10+0-b96-7249189) for windows-amd64 JRE (11.0.10+0-b96-7249189), built on Mar 31 2021 21:44:00 by "builder" with MS VC++ 14.0 (VS2015)

END.
